

times in msec
 clock   self+sourced   self:  sourced script
 clock   elapsed:              other lines

000.005  000.005: --- VIM STARTING ---
000.120  000.115: Allocated generic buffers
000.169  000.049: locale set
000.188  000.019: GUI prepared
000.190  000.002: clipboard setup
000.196  000.006: window checked
000.662  000.466: inits 1
000.729  000.067: parsing arguments
000.732  000.003: expanding arguments
000.764  000.032: shell init
001.037  000.273: Termcap init
001.092  000.055: inits 2
001.259  000.167: init highlight
001.681  000.327  000.327: sourcing /usr/share/vim/vim80/debian.vim
002.968  001.078  001.078: sourcing /usr/share/vim/vim80/syntax/syncolor.vim
003.121  001.305  000.227: sourcing /usr/share/vim/vim80/syntax/synload.vim
009.015  005.835  005.835: sourcing /usr/share/vim/vim80/filetype.vim
009.052  007.310  000.170: sourcing /usr/share/vim/vim80/syntax/syntax.vim
009.072  007.782  000.145: sourcing $VIM/vimrc
009.147  000.011  000.011: sourcing /usr/share/vim/vim80/filetype.vim
009.213  000.031  000.031: sourcing /usr/share/vim/vim80/ftplugin.vim
009.277  000.028  000.028: sourcing /usr/share/vim/vim80/indent.vim
009.544  000.209  000.209: sourcing /usr/share/vim/vim80/syntax/nosyntax.vim
009.774  000.147  000.147: sourcing /usr/share/vim/vim80/syntax/syncolor.vim
009.862  000.281  000.134: sourcing /usr/share/vim/vim80/syntax/synload.vim
009.885  000.580  000.090: sourcing /usr/share/vim/vim80/syntax/syntax.vim
010.194  000.174  000.174: sourcing /home/aymen/.vim/config/autocmds.vim
010.325  000.116  000.116: sourcing /home/aymen/.vim/config/mappings.vim
010.388  000.050  000.050: sourcing /home/aymen/.vim/config/statusline.vim
013.697  004.593  003.603: sourcing $HOME/.vimrc
013.701  000.067: sourcing vimrc file(s)
014.206  000.141  000.141: sourcing /home/aymen/.vim/plugin/custom-functions.vim
014.565  000.146  000.146: sourcing /usr/share/vim/vim80/syntax/syncolor.vim
014.582  000.362  000.216: sourcing /home/aymen/.vim/plugin/global-highlighting.vim
014.893  000.297  000.297: sourcing /home/aymen/.vim/plugin/vim-cool.vim
015.166  000.069  000.069: sourcing /usr/share/vim/vim80/plugin/getscriptPlugin.vim
015.360  000.179  000.179: sourcing /usr/share/vim/vim80/plugin/gzip.vim
015.585  000.209  000.209: sourcing /usr/share/vim/vim80/plugin/logiPat.vim
015.612  000.012  000.012: sourcing /usr/share/vim/vim80/plugin/manpager.vim
015.793  000.169  000.169: sourcing /usr/share/vim/vim80/plugin/matchparen.vim
016.303  000.493  000.493: sourcing /usr/share/vim/vim80/plugin/netrwPlugin.vim
016.366  000.035  000.035: sourcing /usr/share/vim/vim80/plugin/rrhelper.vim
016.413  000.027  000.027: sourcing /usr/share/vim/vim80/plugin/spellfile.vim
016.589  000.158  000.158: sourcing /usr/share/vim/vim80/plugin/tarPlugin.vim
016.688  000.074  000.074: sourcing /usr/share/vim/vim80/plugin/tohtml.vim
016.888  000.182  000.182: sourcing /usr/share/vim/vim80/plugin/vimballPlugin.vim
017.092  000.172  000.172: sourcing /usr/share/vim/vim80/plugin/zipPlugin.vim
017.097  000.817: loading plugins
018.116  000.088  000.088: sourcing /home/aymen/dotfiles/vim/.vim/pack/git-plugins/start/ale/autoload/ale/events.vim
018.278  001.004  000.916: sourcing /home/aymen/dotfiles/vim/.vim/pack/git-plugins/start/ale/plugin/ale.vim
018.387  000.013  000.013: sourcing /home/aymen/dotfiles/vim/.vim/pack/git-plugins/start/vim-orgmode/ftdetect/org.vim
018.626  000.176  000.176: sourcing /home/aymen/dotfiles/vim/.vim/pack/plugins/start/commentary/plugin/commentary.vim
020.009  001.302  001.302: sourcing /home/aymen/dotfiles/vim/.vim/pack/plugins/start/fugitive/plugin/fugitive.vim
020.088  000.013  000.013: sourcing /home/aymen/dotfiles/vim/.vim/pack/plugins/start/fugitive/ftdetect/fugitive.vim
020.760  000.580  000.580: sourcing /home/aymen/dotfiles/vim/.vim/pack/plugins/start/speeddating/plugin/speeddating.vim
021.288  000.441  000.441: sourcing /home/aymen/dotfiles/vim/.vim/pack/plugins/start/surround/plugin/surround.vim
024.454  003.035  003.035: sourcing /home/aymen/dotfiles/vim/.vim/pack/plugins/start/vim-line-motion/plugin/vim-line-flow.vim
024.822  000.228  000.228: sourcing /home/aymen/dotfiles/vim/.vim/pack/plugins/start/vim-tmux-navigator/plugin/tmux_navigator.vim
024.874  000.985: loading packages
024.903  000.029: loading after plugins
024.928  000.025: inits 3
025.763  000.835: reading viminfo
027.785  002.022: setup clipboard
027.802  000.017: setting raw mode
027.808  000.006: start termcap
027.824  000.016: clearing screen
030.355  000.311  000.311: sourcing /home/aymen/.vim/ftplugin/markdown/instant-markdown.vim
035.667  005.275  005.275: sourcing /home/aymen/.vim/ftplugin/markdown/markdown.vim
036.780  000.350  000.350: sourcing /usr/share/vim/vim80/autoload/htmlcomplete.vim
036.930  000.639  000.289: sourcing /usr/share/vim/vim80/ftplugin/html.vim
037.161  001.180  000.541: sourcing /usr/share/vim/vim80/ftplugin/markdown.vim
039.029  000.436  000.436: sourcing /usr/share/vim/vim80/syntax/javascript.vim
041.589  002.377  002.377: sourcing /usr/share/vim/vim80/syntax/vb.vim
050.073  008.341  008.341: sourcing /usr/share/vim/vim80/syntax/css.vim
051.692  013.862  002.708: sourcing /usr/share/vim/vim80/syntax/html.vim
052.187  014.464  000.602: sourcing /usr/share/vim/vim80/syntax/markdown.vim
057.427  004.310  004.310: sourcing /home/aymen/dotfiles/vim/.vim/pack/plugins/start/fugitive/autoload/fugitive.vim
058.085  000.155  000.155: sourcing /home/aymen/dotfiles/vim/.vim/pack/git-plugins/start/ale/autoload/ale.vim
058.501  000.258  000.258: sourcing /home/aymen/dotfiles/vim/.vim/pack/git-plugins/start/ale/autoload/ale/util.vim
058.925  000.270  000.270: sourcing /home/aymen/dotfiles/vim/.vim/pack/git-plugins/start/ale/autoload/ale/linter.vim
059.443  000.044  000.044: sourcing /home/aymen/dotfiles/vim/.vim/pack/git-plugins/start/ale/autoload/ale/handlers/alex.vim
059.769  000.465  000.421: sourcing /home/aymen/dotfiles/vim/.vim/pack/git-plugins/start/ale/ale_linters/markdown/alex.vim
059.972  000.064  000.064: sourcing /home/aymen/dotfiles/vim/.vim/pack/git-plugins/start/ale/autoload/ale/handlers/languagetool.vim
060.258  000.452  000.388: sourcing /home/aymen/dotfiles/vim/.vim/pack/git-plugins/start/ale/ale_linters/markdown/languagetool.vim
060.585  000.293  000.293: sourcing /home/aymen/dotfiles/vim/.vim/pack/git-plugins/start/ale/ale_linters/markdown/markdownlint.vim
060.939  000.321  000.321: sourcing /home/aymen/dotfiles/vim/.vim/pack/git-plugins/start/ale/ale_linters/markdown/mdl.vim
061.256  000.278  000.278: sourcing /home/aymen/dotfiles/vim/.vim/pack/git-plugins/start/ale/ale_linters/markdown/proselint.vim
061.584  000.301  000.301: sourcing /home/aymen/dotfiles/vim/.vim/pack/git-plugins/start/ale/ale_linters/markdown/redpen.vim
061.968  000.346  000.346: sourcing /home/aymen/dotfiles/vim/.vim/pack/git-plugins/start/ale/ale_linters/markdown/remark_lint.vim
062.311  000.315  000.315: sourcing /home/aymen/dotfiles/vim/.vim/pack/git-plugins/start/ale/ale_linters/markdown/textlint.vim
062.738  000.372  000.372: sourcing /home/aymen/dotfiles/vim/.vim/pack/git-plugins/start/ale/ale_linters/markdown/vale.vim
062.966  000.085  000.085: sourcing /home/aymen/dotfiles/vim/.vim/pack/git-plugins/start/ale/autoload/ale/handlers/writegood.vim
063.259  000.489  000.404: sourcing /home/aymen/dotfiles/vim/.vim/pack/git-plugins/start/ale/ale_linters/markdown/writegood.vim
063.978  000.361  000.361: sourcing /home/aymen/dotfiles/vim/.vim/pack/git-plugins/start/ale/autoload/ale/engine.vim
064.293  000.184  000.184: sourcing /home/aymen/dotfiles/vim/.vim/pack/git-plugins/start/ale/autoload/ale/command.vim
064.582  000.044  000.044: sourcing /home/aymen/dotfiles/vim/.vim/pack/git-plugins/start/ale/autoload/ale/node.vim
064.937  000.238  000.238: sourcing /home/aymen/dotfiles/vim/.vim/pack/git-plugins/start/ale/autoload/ale/path.vim
065.498  000.059  000.059: sourcing /home/aymen/dotfiles/vim/.vim/pack/git-plugins/start/ale/autoload/ale/history.vim
066.605  000.065  000.065: sourcing /home/aymen/dotfiles/vim/.vim/pack/git-plugins/start/ale/autoload/ale/handlers/textlint.vim
068.171  000.487  000.487: sourcing /home/aymen/dotfiles/vim/.vim/pack/git-plugins/start/ale/autoload/ale/sign.vim
068.710  000.145  000.145: sourcing /home/aymen/dotfiles/vim/.vim/pack/git-plugins/start/ale/autoload/ale/list.vim
069.172  000.331  000.331: sourcing /home/aymen/dotfiles/vim/.vim/pack/git-plugins/start/ale/autoload/ale/highlight.vim
069.478  000.126  000.126: sourcing /home/aymen/dotfiles/vim/.vim/pack/git-plugins/start/ale/autoload/ale/cursor.vim
073.740  014.021: opening buffers
078.086  004.346: BufEnter autocommands
078.099  000.013: editing files in windows
078.501  000.402: VimEnter autocommands
078.505  000.004: before starting main loop
087.647  009.142: first screen update
087.651  000.004: --- VIM STARTED ---
